<?xml version="1.0" encoding="UTF-8"?>
<testng-results ignored="0" total="0" passed="0" failed="0" skipped="0">
  <reporter-output>
  </reporter-output>
  <suite started-at="2022-11-09T23:17:51Z" name="runner.TestRun" finished-at="2022-11-09T23:17:51Z" duration-ms="5">
    <groups>
    </groups>
    <test started-at="2022-11-09T23:17:51Z" name="Command line test" finished-at="2022-11-09T23:17:51Z" duration-ms="5">
    </test> <!-- Command line test -->
  </suite> <!-- runner.TestRun -->
</testng-results>
